2024-11-20 00:56:24 - Starting OrdersServiceApplication using Java 20.0.2.1 with PID 20084 (C:\personal_projects\OrderProcessingSystem\OrdersService\target\classes started by wisp1 in C:\personal_projects\OrderProcessingSystem\OrdersService)
2024-11-20 00:56:24 - No active profile set, falling back to 1 default profile: "default"
2024-11-20 00:56:27 - Tomcat initialized with port 8080 (http)
2024-11-20 00:56:27 - Initializing ProtocolHandler ["http-nio-8080"]
2024-11-20 00:56:27 - Starting service [Tomcat]
2024-11-20 00:56:27 - Starting Servlet engine: [Apache Tomcat/10.1.31]
2024-11-20 00:56:27 - Initializing Spring embedded WebApplicationContext
2024-11-20 00:56:27 - Root WebApplicationContext: initialization completed in 2858 ms
2024-11-20 00:56:29 - AdminClientConfig values: 
	auto.include.jmx.reporter = true
	bootstrap.controllers = []
	bootstrap.servers = [localhost:9092]
	client.dns.lookup = use_all_dns_ips
	client.id = OrdersService-admin-0
	connections.max.idle.ms = 300000
	default.api.timeout.ms = 60000
	enable.metrics.push = true
	metadata.max.age.ms = 300000
	metric.reporters = []
	metrics.num.samples = 2
	metrics.recording.level = INFO
	metrics.sample.window.ms = 30000
	receive.buffer.bytes = 65536
	reconnect.backoff.max.ms = 1000
	reconnect.backoff.ms = 50
	request.timeout.ms = 30000
	retries = 2147483647
	retry.backoff.max.ms = 1000
	retry.backoff.ms = 100
	sasl.client.callback.handler.class = null
	sasl.jaas.config = null
	sasl.kerberos.kinit.cmd = /usr/bin/kinit
	sasl.kerberos.min.time.before.relogin = 60000
	sasl.kerberos.service.name = null
	sasl.kerberos.ticket.renew.jitter = 0.05
	sasl.kerberos.ticket.renew.window.factor = 0.8
	sasl.login.callback.handler.class = null
	sasl.login.class = null
	sasl.login.connect.timeout.ms = null
	sasl.login.read.timeout.ms = null
	sasl.login.refresh.buffer.seconds = 300
	sasl.login.refresh.min.period.seconds = 60
	sasl.login.refresh.window.factor = 0.8
	sasl.login.refresh.window.jitter = 0.05
	sasl.login.retry.backoff.max.ms = 10000
	sasl.login.retry.backoff.ms = 100
	sasl.mechanism = GSSAPI
	sasl.oauthbearer.clock.skew.seconds = 30
	sasl.oauthbearer.expected.audience = null
	sasl.oauthbearer.expected.issuer = null
	sasl.oauthbearer.jwks.endpoint.refresh.ms = 3600000
	sasl.oauthbearer.jwks.endpoint.retry.backoff.max.ms = 10000
	sasl.oauthbearer.jwks.endpoint.retry.backoff.ms = 100
	sasl.oauthbearer.jwks.endpoint.url = null
	sasl.oauthbearer.scope.claim.name = scope
	sasl.oauthbearer.sub.claim.name = sub
	sasl.oauthbearer.token.endpoint.url = null
	security.protocol = PLAINTEXT
	security.providers = null
	send.buffer.bytes = 131072
	socket.connection.setup.timeout.max.ms = 30000
	socket.connection.setup.timeout.ms = 10000
	ssl.cipher.suites = null
	ssl.enabled.protocols = [TLSv1.2, TLSv1.3]
	ssl.endpoint.identification.algorithm = https
	ssl.engine.factory.class = null
	ssl.key.password = null
	ssl.keymanager.algorithm = SunX509
	ssl.keystore.certificate.chain = null
	ssl.keystore.key = null
	ssl.keystore.location = null
	ssl.keystore.password = null
	ssl.keystore.type = JKS
	ssl.protocol = TLSv1.3
	ssl.provider = null
	ssl.secure.random.implementation = null
	ssl.trustmanager.algorithm = PKIX
	ssl.truststore.certificates = null
	ssl.truststore.location = null
	ssl.truststore.password = null
	ssl.truststore.type = JKS

2024-11-20 00:56:29 - Kafka version: 3.7.1
2024-11-20 00:56:29 - Kafka commitId: e2494e6ffb89f828
2024-11-20 00:56:29 - Kafka startTimeMs: 1732046189910
2024-11-20 00:56:30 - App info kafka.admin.client for OrdersService-admin-0 unregistered
2024-11-20 00:56:30 - Metrics scheduler closed
2024-11-20 00:56:30 - Closing reporter org.apache.kafka.common.metrics.JmxReporter
2024-11-20 00:56:30 - Metrics reporters closed
2024-11-20 00:56:30 - Starting ProtocolHandler ["http-nio-8080"]
2024-11-20 00:56:30 - Tomcat started on port 8080 (http) with context path '/'
2024-11-20 00:56:30 - Started OrdersServiceApplication in 7.744 seconds (process running for 8.674)
2024-11-20 00:56:39 - Initializing Spring DispatcherServlet 'dispatcherServlet'
2024-11-20 00:56:39 - Initializing Servlet 'dispatcherServlet'
2024-11-20 00:56:39 - Completed initialization in 1 ms
2024-11-20 00:56:39 - Creating order: {
    "Order: Новый"
}
2024-11-20 00:56:39 - Sending order {
    "Order: Новый"
}
2024-11-20 00:56:39 - ProducerConfig values: 
	acks = -1
	auto.include.jmx.reporter = true
	batch.size = 16384
	bootstrap.servers = [localhost:9092]
	buffer.memory = 33554432
	client.dns.lookup = use_all_dns_ips
	client.id = OrdersService-producer-1
	compression.type = none
	connections.max.idle.ms = 540000
	delivery.timeout.ms = 120000
	enable.idempotence = true
	enable.metrics.push = true
	interceptor.classes = []
	key.serializer = class org.apache.kafka.common.serialization.StringSerializer
	linger.ms = 0
	max.block.ms = 60000
	max.in.flight.requests.per.connection = 5
	max.request.size = 1048576
	metadata.max.age.ms = 300000
	metadata.max.idle.ms = 300000
	metric.reporters = []
	metrics.num.samples = 2
	metrics.recording.level = INFO
	metrics.sample.window.ms = 30000
	partitioner.adaptive.partitioning.enable = true
	partitioner.availability.timeout.ms = 0
	partitioner.class = null
	partitioner.ignore.keys = false
	receive.buffer.bytes = 32768
	reconnect.backoff.max.ms = 1000
	reconnect.backoff.ms = 50
	request.timeout.ms = 30000
	retries = 2147483647
	retry.backoff.max.ms = 1000
	retry.backoff.ms = 100
	sasl.client.callback.handler.class = null
	sasl.jaas.config = null
	sasl.kerberos.kinit.cmd = /usr/bin/kinit
	sasl.kerberos.min.time.before.relogin = 60000
	sasl.kerberos.service.name = null
	sasl.kerberos.ticket.renew.jitter = 0.05
	sasl.kerberos.ticket.renew.window.factor = 0.8
	sasl.login.callback.handler.class = null
	sasl.login.class = null
	sasl.login.connect.timeout.ms = null
	sasl.login.read.timeout.ms = null
	sasl.login.refresh.buffer.seconds = 300
	sasl.login.refresh.min.period.seconds = 60
	sasl.login.refresh.window.factor = 0.8
	sasl.login.refresh.window.jitter = 0.05
	sasl.login.retry.backoff.max.ms = 10000
	sasl.login.retry.backoff.ms = 100
	sasl.mechanism = GSSAPI
	sasl.oauthbearer.clock.skew.seconds = 30
	sasl.oauthbearer.expected.audience = null
	sasl.oauthbearer.expected.issuer = null
	sasl.oauthbearer.jwks.endpoint.refresh.ms = 3600000
	sasl.oauthbearer.jwks.endpoint.retry.backoff.max.ms = 10000
	sasl.oauthbearer.jwks.endpoint.retry.backoff.ms = 100
	sasl.oauthbearer.jwks.endpoint.url = null
	sasl.oauthbearer.scope.claim.name = scope
	sasl.oauthbearer.sub.claim.name = sub
	sasl.oauthbearer.token.endpoint.url = null
	security.protocol = PLAINTEXT
	security.providers = null
	send.buffer.bytes = 131072
	socket.connection.setup.timeout.max.ms = 30000
	socket.connection.setup.timeout.ms = 10000
	ssl.cipher.suites = null
	ssl.enabled.protocols = [TLSv1.2, TLSv1.3]
	ssl.endpoint.identification.algorithm = https
	ssl.engine.factory.class = null
	ssl.key.password = null
	ssl.keymanager.algorithm = SunX509
	ssl.keystore.certificate.chain = null
	ssl.keystore.key = null
	ssl.keystore.location = null
	ssl.keystore.password = null
	ssl.keystore.type = JKS
	ssl.protocol = TLSv1.3
	ssl.provider = null
	ssl.secure.random.implementation = null
	ssl.trustmanager.algorithm = PKIX
	ssl.truststore.certificates = null
	ssl.truststore.location = null
	ssl.truststore.password = null
	ssl.truststore.type = JKS
	transaction.timeout.ms = 60000
	transactional.id = null
	value.serializer = class org.apache.kafka.common.serialization.StringSerializer

2024-11-20 00:56:39 - initializing Kafka metrics collector
2024-11-20 00:56:39 - [Producer clientId=OrdersService-producer-1] Instantiated an idempotent producer.
2024-11-20 00:56:39 - Kafka version: 3.7.1
2024-11-20 00:56:39 - Kafka commitId: e2494e6ffb89f828
2024-11-20 00:56:39 - Kafka startTimeMs: 1732046199762
2024-11-20 00:56:39 - [Producer clientId=OrdersService-producer-1] Cluster ID: zrqTUnzkSOOSXERFPbIKuA
2024-11-20 00:56:39 - [Producer clientId=OrdersService-producer-1] ProducerId set to 2003 with epoch 0
2024-11-20 00:56:39 - Order sent successfully to topic 'new_orders'
2024-11-20 00:56:57 - Creating order: {
    "Order: Новый"
}
2024-11-20 00:56:57 - Sending order {
    "Order: Новый"
}
2024-11-20 00:56:57 - Order sent successfully to topic 'new_orders'
2024-11-20 00:57:28 - Creating order: {
    "Order: Новый"
}
2024-11-20 00:57:28 - Sending order {
    "Order: Новый"
}
2024-11-20 00:57:28 - Order sent successfully to topic 'new_orders'
2024-11-20 00:57:34 - Creating order: {
    "Order: Новый"
}
2024-11-20 00:57:34 - Sending order {
    "Order: Новый"
}
2024-11-20 00:57:34 - Order sent successfully to topic 'new_orders'
2024-11-20 00:57:42 - Creating order: {
    "Order: Новый"
}
2024-11-20 00:57:42 - Sending order {
    "Order: Новый"
}
2024-11-20 00:57:42 - Order sent successfully to topic 'new_orders'
2024-11-20 00:57:46 - Creating order: {
    "Order: Новый"
}
2024-11-20 00:57:46 - Sending order {
    "Order: Новый"
}
2024-11-20 00:57:46 - Order sent successfully to topic 'new_orders'
2024-11-20 00:57:55 - Creating order: {
    "Order: Новый"
}
2024-11-20 00:57:55 - Sending order {
    "Order: Новый"
}
2024-11-20 00:57:55 - Order sent successfully to topic 'new_orders'
2024-11-20 00:58:00 - Creating order: {
    "Order: Новый"
}
2024-11-20 00:58:00 - Sending order {
    "Order: Новый"
}
2024-11-20 00:58:00 - Order sent successfully to topic 'new_orders'
2024-11-20 00:59:24 - [Producer clientId=OrdersService-producer-1] Closing the Kafka producer with timeoutMillis = 30000 ms.
2024-11-20 00:59:24 - Metrics scheduler closed
2024-11-20 00:59:24 - Closing reporter org.apache.kafka.common.metrics.JmxReporter
2024-11-20 00:59:24 - Closing reporter org.apache.kafka.common.telemetry.internals.ClientTelemetryReporter
2024-11-20 00:59:24 - Metrics reporters closed
2024-11-20 00:59:24 - App info kafka.producer for OrdersService-producer-1 unregistered
